1639901960073	geckodriver	INFO	Listening on 127.0.0.1:37659
1639901960075	mozrunner::runner	INFO	Running command: "/usr/bin/firefox" "--marionette" "-no-remote" "-profile" "/tmp/rust_mozprofileZIVbZs"
1639901964028	Marionette	INFO	Marionette enabled
console.warn: SearchSettings: "get: No settings file exists, new profile?" (new NotFoundError("Could not open the file at /tmp/rust_mozprofileZIVbZs/search.json.mozlz4", (void 0)))
1639901965106	Marionette	INFO	Listening on port 38641
1639901965202	RemoteAgent	WARN	TLS certificate errors will be ignored for this session
JavaScript warning: https://mc.yandex.ru/metrika/watch.js, line 10: WEBGL_debug_renderer_info is deprecated in Firefox and will be removed. Please use RENDERER.
JavaScript warning: https://mc.yandex.ru/metrika/watch.js, line 10: WEBGL_debug_renderer_info is deprecated in Firefox and will be removed. Please use RENDERER.
1639902010380	geckodriver	INFO	Listening on 127.0.0.1:36355
1639902010382	mozrunner::runner	INFO	Running command: "/usr/bin/firefox" "--marionette" "-no-remote" "-profile" "/tmp/rust_mozprofile793IUA"
1639902014422	Marionette	INFO	Marionette enabled
console.warn: SearchSettings: "get: No settings file exists, new profile?" (new NotFoundError("Could not open the file at /tmp/rust_mozprofile793IUA/search.json.mozlz4", (void 0)))
1639902015356	Marionette	INFO	Listening on port 35041
1639902015409	RemoteAgent	WARN	TLS certificate errors will be ignored for this session
JavaScript warning: https://mc.yandex.ru/metrika/watch.js, line 10: WEBGL_debug_renderer_info is deprecated in Firefox and will be removed. Please use RENDERER.
JavaScript warning: https://mc.yandex.ru/metrika/watch.js, line 10: WEBGL_debug_renderer_info is deprecated in Firefox and will be removed. Please use RENDERER.
1639902020902	Marionette	INFO	Stopped listening on port 35041
console.warn: TopSitesFeed: Failed to fetch data from Contile server: NetworkError when attempting to fetch resource.
1639902039128	geckodriver	INFO	Listening on 127.0.0.1:40457
1639902039130	mozrunner::runner	INFO	Running command: "/usr/bin/firefox" "--marionette" "-no-remote" "-profile" "/tmp/rust_mozprofilejY9k8H"
1639902043134	Marionette	INFO	Marionette enabled
console.warn: SearchSettings: "get: No settings file exists, new profile?" (new NotFoundError("Could not open the file at /tmp/rust_mozprofilejY9k8H/search.json.mozlz4", (void 0)))
1639902044172	Marionette	INFO	Listening on port 45843
1639902044257	RemoteAgent	WARN	TLS certificate errors will be ignored for this session
JavaScript warning: https://mc.yandex.ru/metrika/watch.js, line 10: WEBGL_debug_renderer_info is deprecated in Firefox and will be removed. Please use RENDERER.
JavaScript warning: https://mc.yandex.ru/metrika/watch.js, line 10: WEBGL_debug_renderer_info is deprecated in Firefox and will be removed. Please use RENDERER.
1639902061781	Marionette	INFO	Stopped listening on port 45843
console.warn: TopSitesFeed: Failed to fetch data from Contile server: NetworkError when attempting to fetch resource.

###!!! [Parent][RunMessage] Error: Channel closing: too late to send/recv, messages will be lost

1639902135877	geckodriver	INFO	Listening on 127.0.0.1:42237
1639902135879	mozrunner::runner	INFO	Running command: "/usr/bin/firefox" "--marionette" "-no-remote" "-profile" "/tmp/rust_mozprofileNSeGjA"
1639902139902	Marionette	INFO	Marionette enabled
console.warn: SearchSettings: "get: No settings file exists, new profile?" (new NotFoundError("Could not open the file at /tmp/rust_mozprofileNSeGjA/search.json.mozlz4", (void 0)))
1639902140849	Marionette	INFO	Listening on port 37397
1639902140905	RemoteAgent	WARN	TLS certificate errors will be ignored for this session
JavaScript warning: https://mc.yandex.ru/metrika/watch.js, line 10: WEBGL_debug_renderer_info is deprecated in Firefox and will be removed. Please use RENDERER.
JavaScript warning: https://mc.yandex.ru/metrika/watch.js, line 10: WEBGL_debug_renderer_info is deprecated in Firefox and will be removed. Please use RENDERER.
1639902168292	geckodriver	INFO	Listening on 127.0.0.1:34457
1639902168294	mozrunner::runner	INFO	Running command: "/usr/bin/firefox" "--marionette" "-no-remote" "-profile" "/tmp/rust_mozprofilelx8BoX"
1639902172278	Marionette	INFO	Marionette enabled
console.warn: SearchSettings: "get: No settings file exists, new profile?" (new NotFoundError("Could not open the file at /tmp/rust_mozprofilelx8BoX/search.json.mozlz4", (void 0)))
1639902173175	Marionette	INFO	Listening on port 43307
1639902173218	RemoteAgent	WARN	TLS certificate errors will be ignored for this session
JavaScript warning: https://mc.yandex.ru/metrika/watch.js, line 10: WEBGL_debug_renderer_info is deprecated in Firefox and will be removed. Please use RENDERER.
JavaScript warning: https://mc.yandex.ru/metrika/watch.js, line 10: WEBGL_debug_renderer_info is deprecated in Firefox and will be removed. Please use RENDERER.
console.log: WebExtensions: reset-default-search: starting.
console.log: WebExtensions: reset-default-search: No addons in our list are installed.
1639902366765	geckodriver	INFO	Listening on 127.0.0.1:46277
1639902366767	mozrunner::runner	INFO	Running command: "/usr/bin/firefox" "--marionette" "-no-remote" "-profile" "/tmp/rust_mozprofile5rNwXV"
1639902370781	Marionette	INFO	Marionette enabled
console.warn: SearchSettings: "get: No settings file exists, new profile?" (new NotFoundError("Could not open the file at /tmp/rust_mozprofile5rNwXV/search.json.mozlz4", (void 0)))
1639902371811	Marionette	INFO	Listening on port 41341
1639902372512	RemoteAgent	WARN	TLS certificate errors will be ignored for this session
JavaScript warning: https://mc.yandex.ru/metrika/watch.js, line 10: WEBGL_debug_renderer_info is deprecated in Firefox and will be removed. Please use RENDERER.
JavaScript warning: https://mc.yandex.ru/metrika/watch.js, line 10: WEBGL_debug_renderer_info is deprecated in Firefox and will be removed. Please use RENDERER.
1639902376729	Marionette	INFO	Stopped listening on port 41341
console.warn: TopSitesFeed: Failed to fetch data from Contile server: NetworkError when attempting to fetch resource.

###!!! [Parent][RunMessage] Error: Channel closing: too late to send/recv, messages will be lost

1639902492280	geckodriver	INFO	Listening on 127.0.0.1:57091
1639902492282	mozrunner::runner	INFO	Running command: "/usr/bin/firefox" "--marionette" "-no-remote" "-profile" "/tmp/rust_mozprofileo0ib8o"
1639902496254	Marionette	INFO	Marionette enabled
console.warn: SearchSettings: "get: No settings file exists, new profile?" (new NotFoundError("Could not open the file at /tmp/rust_mozprofileo0ib8o/search.json.mozlz4", (void 0)))
1639902497125	Marionette	INFO	Listening on port 36107
1639902497208	RemoteAgent	WARN	TLS certificate errors will be ignored for this session
JavaScript warning: https://mc.yandex.ru/metrika/watch.js, line 10: WEBGL_debug_renderer_info is deprecated in Firefox and will be removed. Please use RENDERER.
1639902498090	Marionette	INFO	Stopped listening on port 36107
1639902530199	geckodriver	INFO	Listening on 127.0.0.1:43553
1639902530202	mozrunner::runner	INFO	Running command: "/usr/bin/firefox" "--marionette" "-no-remote" "-profile" "/tmp/rust_mozprofileIbQTVh"
console.log: WebExtensions: reset-default-search: starting.
console.log: WebExtensions: reset-default-search: No addons in our list are installed.
1639902534205	Marionette	INFO	Marionette enabled
console.warn: SearchSettings: "get: No settings file exists, new profile?" (new NotFoundError("Could not open the file at /tmp/rust_mozprofileIbQTVh/search.json.mozlz4", (void 0)))
1639902535307	Marionette	INFO	Listening on port 41499
1639902535917	RemoteAgent	WARN	TLS certificate errors will be ignored for this session
JavaScript warning: https://mc.yandex.ru/metrika/watch.js, line 10: WEBGL_debug_renderer_info is deprecated in Firefox and will be removed. Please use RENDERER.
1639902536680	Marionette	INFO	Stopped listening on port 41499

###!!! [Parent][RunMessage] Error: Channel closing: too late to send/recv, messages will be lost

1639902549666	geckodriver	INFO	Listening on 127.0.0.1:53575
1639902549668	mozrunner::runner	INFO	Running command: "/usr/bin/firefox" "--marionette" "-no-remote" "-profile" "/tmp/rust_mozprofilePXptku"
1639902550912	Marionette	INFO	Marionette enabled
console.warn: SearchSettings: "get: No settings file exists, new profile?" (new NotFoundError("Could not open the file at /tmp/rust_mozprofilePXptku/search.json.mozlz4", (void 0)))
1639902551799	Marionette	INFO	Listening on port 33593
1639902551883	RemoteAgent	WARN	TLS certificate errors will be ignored for this session
JavaScript warning: https://mc.yandex.ru/metrika/watch.js, line 10: WEBGL_debug_renderer_info is deprecated in Firefox and will be removed. Please use RENDERER.
1639902552717	Marionette	INFO	Stopped listening on port 33593

###!!! [Parent][RunMessage] Error: Channel closing: too late to send/recv, messages will be lost

console.log: WebExtensions: reset-default-search: starting.
console.log: WebExtensions: reset-default-search: No addons in our list are installed.
1639902580082	geckodriver	INFO	Listening on 127.0.0.1:53879
1639902580084	mozrunner::runner	INFO	Running command: "/usr/bin/firefox" "--marionette" "-no-remote" "-profile" "/tmp/rust_mozprofilew4ZUPx"
1639902584088	Marionette	INFO	Marionette enabled
console.warn: SearchSettings: "get: No settings file exists, new profile?" (new NotFoundError("Could not open the file at /tmp/rust_mozprofilew4ZUPx/search.json.mozlz4", (void 0)))
1639902584958	Marionette	INFO	Listening on port 41329
1639902585009	RemoteAgent	WARN	TLS certificate errors will be ignored for this session
JavaScript warning: https://mc.yandex.ru/metrika/watch.js, line 10: WEBGL_debug_renderer_info is deprecated in Firefox and will be removed. Please use RENDERER.
JavaScript warning: https://mc.yandex.ru/metrika/watch.js, line 10: WEBGL_debug_renderer_info is deprecated in Firefox and will be removed. Please use RENDERER.
1639902599021	geckodriver	INFO	Listening on 127.0.0.1:40655
1639902599023	mozrunner::runner	INFO	Running command: "/usr/bin/firefox" "--marionette" "-no-remote" "-profile" "/tmp/rust_mozprofileNenChb"
1639902600256	Marionette	INFO	Marionette enabled
console.warn: SearchSettings: "get: No settings file exists, new profile?" (new NotFoundError("Could not open the file at /tmp/rust_mozprofileNenChb/search.json.mozlz4", (void 0)))
1639902601251	Marionette	INFO	Listening on port 36637
1639902601339	RemoteAgent	WARN	TLS certificate errors will be ignored for this session
JavaScript warning: https://mc.yandex.ru/metrika/watch.js, line 10: WEBGL_debug_renderer_info is deprecated in Firefox and will be removed. Please use RENDERER.
JavaScript warning: https://mc.yandex.ru/metrika/watch.js, line 10: WEBGL_debug_renderer_info is deprecated in Firefox and will be removed. Please use RENDERER.
1639902632431	geckodriver	INFO	Listening on 127.0.0.1:47207
1639902632433	mozrunner::runner	INFO	Running command: "/usr/bin/firefox" "--marionette" "-no-remote" "-profile" "/tmp/rust_mozprofiletMfC90"
1639902636473	Marionette	INFO	Marionette enabled
console.warn: SearchSettings: "get: No settings file exists, new profile?" (new NotFoundError("Could not open the file at /tmp/rust_mozprofiletMfC90/search.json.mozlz4", (void 0)))
1639902637384	Marionette	INFO	Listening on port 36331
1639902637457	RemoteAgent	WARN	TLS certificate errors will be ignored for this session
JavaScript warning: https://mc.yandex.ru/metrika/watch.js, line 10: WEBGL_debug_renderer_info is deprecated in Firefox and will be removed. Please use RENDERER.
[Child 16259, MediaDecoderStateMachine #1] WARNING: Decoder=7f25528b0b00 state=DECODING_METADATA Decode metadata failed, shutting down decoder: file /build/firefox-9i8ACO/firefox-95.0+build1/dom/media/MediaDecoderStateMachine.cpp:367
[Child 16259, MediaDecoderStateMachine #1] WARNING: Decoder=7f25528b0b00 Decode error: NS_ERROR_DOM_MEDIA_METADATA_ERR (0x806e0006): file /build/firefox-9i8ACO/firefox-95.0+build1/dom/media/MediaDecoderStateMachine.cpp:3568
JavaScript warning: https://mc.yandex.ru/metrika/watch.js, line 10: WEBGL_debug_renderer_info is deprecated in Firefox and will be removed. Please use RENDERER.
1639902906119	geckodriver	INFO	Listening on 127.0.0.1:52857
1639902906121	mozrunner::runner	INFO	Running command: "/usr/bin/firefox" "--marionette" "-no-remote" "-profile" "/tmp/rust_mozprofileWnDKy5"
1639902910140	Marionette	INFO	Marionette enabled
console.warn: SearchSettings: "get: No settings file exists, new profile?" (new NotFoundError("Could not open the file at /tmp/rust_mozprofileWnDKy5/search.json.mozlz4", (void 0)))
1639902911202	Marionette	INFO	Listening on port 44597
1639902911845	RemoteAgent	WARN	TLS certificate errors will be ignored for this session
JavaScript warning: https://mc.yandex.ru/metrika/watch.js, line 10: WEBGL_debug_renderer_info is deprecated in Firefox and will be removed. Please use RENDERER.
JavaScript warning: https://mc.yandex.ru/metrika/watch.js, line 10: WEBGL_debug_renderer_info is deprecated in Firefox and will be removed. Please use RENDERER.
1639902937499	geckodriver	INFO	Listening on 127.0.0.1:38709
1639902938509	mozrunner::runner	INFO	Running command: "/usr/bin/firefox" "--marionette" "-no-remote" "-profile" "/tmp/rust_mozprofileYtBYT4"
1639902939774	Marionette	INFO	Marionette enabled
console.warn: SearchSettings: "get: No settings file exists, new profile?" (new NotFoundError("Could not open the file at /tmp/rust_mozprofileYtBYT4/search.json.mozlz4", (void 0)))
1639902940770	Marionette	INFO	Listening on port 34537
1639902940824	RemoteAgent	WARN	TLS certificate errors will be ignored for this session
JavaScript warning: https://mc.yandex.ru/metrika/watch.js, line 10: WEBGL_debug_renderer_info is deprecated in Firefox and will be removed. Please use RENDERER.
1639902941672	Marionette	INFO	Stopped listening on port 34537
[Parent 17381, IPC I/O Parent] WARNING: FileDescriptorSet destroyed with unconsumed descriptors: file /build/firefox-9i8ACO/firefox-95.0+build1/ipc/chromium/src/chrome/common/file_descriptor_set_posix.cc:19

###!!! [Parent][RunMessage] Error: Channel closing: too late to send/recv, messages will be lost

console.log: WebExtensions: reset-default-search: starting.
console.log: WebExtensions: reset-default-search: No addons in our list are installed.
console.log: WebExtensions: reset-default-search: starting.
console.log: WebExtensions: reset-default-search: No addons in our list are installed.
console.log: WebExtensions: reset-default-search: starting.
console.log: WebExtensions: reset-default-search: No addons in our list are installed.
1639903112063	geckodriver	INFO	Listening on 127.0.0.1:45033
1639903112071	mozrunner::runner	INFO	Running command: "/usr/bin/firefox" "--marionette" "-no-remote" "-profile" "/tmp/rust_mozprofileC6fFxR"
1639903116161	Marionette	INFO	Marionette enabled
console.warn: SearchSettings: "get: No settings file exists, new profile?" (new NotFoundError("Could not open the file at /tmp/rust_mozprofileC6fFxR/search.json.mozlz4", (void 0)))
1639903117108	Marionette	INFO	Listening on port 41689
1639903117196	RemoteAgent	WARN	TLS certificate errors will be ignored for this session
JavaScript warning: https://mc.yandex.ru/metrika/watch.js, line 10: WEBGL_debug_renderer_info is deprecated in Firefox and will be removed. Please use RENDERER.
JavaScript warning: https://mc.yandex.ru/metrika/watch.js, line 10: WEBGL_debug_renderer_info is deprecated in Firefox and will be removed. Please use RENDERER.
console.log: WebExtensions: reset-default-search: starting.
console.log: WebExtensions: reset-default-search: No addons in our list are installed.
1639903302223	Marionette	INFO	Stopped listening on port 41689
console.warn: TopSitesFeed: Failed to fetch data from Contile server: NetworkError when attempting to fetch resource.

###!!! [Parent][RunMessage] Error: Channel closing: too late to send/recv, messages will be lost

1639903308961	Marionette	INFO	Stopped listening on port 44597
console.warn: TopSitesFeed: Failed to fetch data from Contile server: NetworkError when attempting to fetch resource.
1639903311051	Marionette	INFO	Stopped listening on port 36331
console.warn: TopSitesFeed: Failed to fetch data from Contile server: NetworkError when attempting to fetch resource.

###!!! [Parent][RunMessage] Error: Channel closing: too late to send/recv, messages will be lost

1639903313320	Marionette	INFO	Stopped listening on port 36637
console.warn: TopSitesFeed: Failed to fetch data from Contile server: NetworkError when attempting to fetch resource.

###!!! [Parent][RunMessage] Error: Channel closing: too late to send/recv, messages will be lost

1639903315767	Marionette	INFO	Stopped listening on port 41329
console.warn: TopSitesFeed: Failed to fetch data from Contile server: NetworkError when attempting to fetch resource.

###!!! [Parent][RunMessage] Error: Channel closing: too late to send/recv, messages will be lost

1639903318793	Marionette	INFO	Stopped listening on port 43307
console.warn: TopSitesFeed: Failed to fetch data from Contile server: NetworkError when attempting to fetch resource.

###!!! [Parent][RunMessage] Error: Channel closing: too late to send/recv, messages will be lost

1639903321376	Marionette	INFO	Stopped listening on port 37397

###!!! [Child][MessageChannel] Error: (msgtype=0x6C0025,name=PNecko::Msg_RemoveRequestContext) Channel closing: too late to send/recv, messages will be lost

console.warn: TopSitesFeed: Failed to fetch data from Contile server: NetworkError when attempting to fetch resource.

###!!! [Parent][RunMessage] Error: Channel closing: too late to send/recv, messages will be lost

1639903323703	Marionette	INFO	Stopped listening on port 38641

###!!! [Child][MessageChannel] Error: (msgtype=0x6C0025,name=PNecko::Msg_RemoveRequestContext) Channel closing: too late to send/recv, messages will be lost

console.warn: TopSitesFeed: Failed to fetch data from Contile server: NetworkError when attempting to fetch resource.
1639903413212	geckodriver	INFO	Listening on 127.0.0.1:57033
1639903414221	mozrunner::runner	INFO	Running command: "/usr/bin/firefox" "--marionette" "-no-remote" "-profile" "/tmp/rust_mozprofilere26TT"
1639903418270	Marionette	INFO	Marionette enabled
console.warn: SearchSettings: "get: No settings file exists, new profile?" (new NotFoundError("Could not open the file at /tmp/rust_mozprofilere26TT/search.json.mozlz4", (void 0)))
1639903419244	Marionette	INFO	Listening on port 46783
1639903419348	RemoteAgent	WARN	TLS certificate errors will be ignored for this session
JavaScript warning: https://mc.yandex.ru/metrika/watch.js, line 10: WEBGL_debug_renderer_info is deprecated in Firefox and will be removed. Please use RENDERER.
1639903422223	Marionette	INFO	Stopped listening on port 46783
[Parent 18363, IPC I/O Parent] WARNING: FileDescriptorSet destroyed with unconsumed descriptors: file /build/firefox-9i8ACO/firefox-95.0+build1/ipc/chromium/src/chrome/common/file_descriptor_set_posix.cc:19

###!!! [Parent][RunMessage] Error: Channel closing: too late to send/recv, messages will be lost

1639903545475	geckodriver	INFO	Listening on 127.0.0.1:54819
1639903545483	mozrunner::runner	INFO	Running command: "/usr/bin/firefox" "--marionette" "-no-remote" "-profile" "/tmp/rust_mozprofile6EAxxh"
1639903549471	Marionette	INFO	Marionette enabled
console.warn: SearchSettings: "get: No settings file exists, new profile?" (new NotFoundError("Could not open the file at /tmp/rust_mozprofile6EAxxh/search.json.mozlz4", (void 0)))
1639903550349	Marionette	INFO	Listening on port 41365
1639903550410	RemoteAgent	WARN	TLS certificate errors will be ignored for this session
JavaScript warning: https://mc.yandex.ru/metrika/watch.js, line 10: WEBGL_debug_renderer_info is deprecated in Firefox and will be removed. Please use RENDERER.
1639903553343	Marionette	INFO	Stopped listening on port 41365
1639903668288	geckodriver	INFO	Listening on 127.0.0.1:34315
1639903669298	mozrunner::runner	INFO	Running command: "/usr/bin/firefox" "--marionette" "-no-remote" "-profile" "/tmp/rust_mozprofiledugHsw"
1639903673310	Marionette	INFO	Marionette enabled
console.warn: SearchSettings: "get: No settings file exists, new profile?" (new NotFoundError("Could not open the file at /tmp/rust_mozprofiledugHsw/search.json.mozlz4", (void 0)))
1639903674162	Marionette	INFO	Listening on port 45505
1639903674224	RemoteAgent	WARN	TLS certificate errors will be ignored for this session
JavaScript warning: https://mc.yandex.ru/metrika/watch.js, line 10: WEBGL_debug_renderer_info is deprecated in Firefox and will be removed. Please use RENDERER.
1639903677164	Marionette	INFO	Stopped listening on port 45505
[Parent 18964, IPC I/O Parent] WARNING: FileDescriptorSet destroyed with unconsumed descriptors: file /build/firefox-9i8ACO/firefox-95.0+build1/ipc/chromium/src/chrome/common/file_descriptor_set_posix.cc:19

###!!! [Parent][RunMessage] Error: Channel closing: too late to send/recv, messages will be lost

1639904876331	geckodriver	INFO	Listening on 127.0.0.1:34611
1639904877337	mozrunner::runner	INFO	Running command: "/usr/bin/firefox" "--marionette" "-no-remote" "-profile" "/tmp/rust_mozprofileQL1fdq"
1639904881337	Marionette	INFO	Marionette enabled
console.warn: SearchSettings: "get: No settings file exists, new profile?" (new NotFoundError("Could not open the file at /tmp/rust_mozprofileQL1fdq/search.json.mozlz4", (void 0)))
1639904882317	Marionette	INFO	Listening on port 41363
1639904882363	RemoteAgent	WARN	TLS certificate errors will be ignored for this session
JavaScript warning: https://mc.yandex.ru/metrika/watch.js, line 10: WEBGL_debug_renderer_info is deprecated in Firefox and will be removed. Please use RENDERER.
1639904885213	Marionette	INFO	Stopped listening on port 41363
[Parent 19548, IPC I/O Parent] WARNING: FileDescriptorSet destroyed with unconsumed descriptors: file /build/firefox-9i8ACO/firefox-95.0+build1/ipc/chromium/src/chrome/common/file_descriptor_set_posix.cc:19

###!!! [Parent][RunMessage] Error: Channel closing: too late to send/recv, messages will be lost

1639904969331	geckodriver	INFO	Listening on 127.0.0.1:55177
1639904970341	mozrunner::runner	INFO	Running command: "/usr/bin/firefox" "--marionette" "-no-remote" "-profile" "/tmp/rust_mozprofileIj9kFr"
1639904974334	Marionette	INFO	Marionette enabled
console.warn: SearchSettings: "get: No settings file exists, new profile?" (new NotFoundError("Could not open the file at /tmp/rust_mozprofileIj9kFr/search.json.mozlz4", (void 0)))
1639904975306	Marionette	INFO	Listening on port 43971
1639904975368	RemoteAgent	WARN	TLS certificate errors will be ignored for this session
JavaScript warning: https://mc.yandex.ru/metrika/watch.js, line 10: WEBGL_debug_renderer_info is deprecated in Firefox and will be removed. Please use RENDERER.
JavaScript warning: https://mc.yandex.ru/metrika/watch.js, line 10: WEBGL_debug_renderer_info is deprecated in Firefox and will be removed. Please use RENDERER.
1639904981139	Marionette	INFO	Stopped listening on port 43971
[Parent 19912, IPC I/O Parent] WARNING: FileDescriptorSet destroyed with unconsumed descriptors: file /build/firefox-9i8ACO/firefox-95.0+build1/ipc/chromium/src/chrome/common/file_descriptor_set_posix.cc:19
1639905034720	geckodriver	INFO	Listening on 127.0.0.1:43727
1639905034723	mozrunner::runner	INFO	Running command: "/usr/bin/firefox" "--marionette" "-no-remote" "-profile" "/tmp/rust_mozprofile70F7pg"
1639905038688	Marionette	INFO	Marionette enabled
console.warn: SearchSettings: "get: No settings file exists, new profile?" (new NotFoundError("Could not open the file at /tmp/rust_mozprofile70F7pg/search.json.mozlz4", (void 0)))
1639905039625	Marionette	INFO	Listening on port 43441
1639905039654	RemoteAgent	WARN	TLS certificate errors will be ignored for this session
JavaScript warning: https://mc.yandex.ru/metrika/watch.js, line 10: WEBGL_debug_renderer_info is deprecated in Firefox and will be removed. Please use RENDERER.
[Child 20301, MediaDecoderStateMachine #1] WARNING: Decoder=7f072fb0aa00 state=DECODING_METADATA Decode metadata failed, shutting down decoder: file /build/firefox-9i8ACO/firefox-95.0+build1/dom/media/MediaDecoderStateMachine.cpp:367
[Child 20301, MediaDecoderStateMachine #1] WARNING: Decoder=7f072fb0aa00 Decode error: NS_ERROR_DOM_MEDIA_METADATA_ERR (0x806e0006): file /build/firefox-9i8ACO/firefox-95.0+build1/dom/media/MediaDecoderStateMachine.cpp:3568
JavaScript warning: https://mc.yandex.ru/metrika/watch.js, line 10: WEBGL_debug_renderer_info is deprecated in Firefox and will be removed. Please use RENDERER.
1639905232004	geckodriver	INFO	Listening on 127.0.0.1:36971
1639905232012	mozrunner::runner	INFO	Running command: "/usr/bin/firefox" "--marionette" "-no-remote" "-profile" "/tmp/rust_mozprofilePo9MRk"
1639905236062	Marionette	INFO	Marionette enabled
console.warn: SearchSettings: "get: No settings file exists, new profile?" (new NotFoundError("Could not open the file at /tmp/rust_mozprofilePo9MRk/search.json.mozlz4", (void 0)))
1639905236865	Marionette	INFO	Listening on port 41549
1639905236943	RemoteAgent	WARN	TLS certificate errors will be ignored for this session
JavaScript warning: https://mc.yandex.ru/metrika/watch.js, line 10: WEBGL_debug_renderer_info is deprecated in Firefox and will be removed. Please use RENDERER.
JavaScript warning: https://mc.yandex.ru/metrika/watch.js, line 10: WEBGL_debug_renderer_info is deprecated in Firefox and will be removed. Please use RENDERER.
1639905337801	geckodriver	INFO	Listening on 127.0.0.1:57045
1639905338810	mozrunner::runner	INFO	Running command: "/usr/bin/firefox" "--marionette" "-no-remote" "-profile" "/tmp/rust_mozprofileRGG4CL"
1639905342872	Marionette	INFO	Marionette enabled
console.warn: SearchSettings: "get: No settings file exists, new profile?" (new NotFoundError("Could not open the file at /tmp/rust_mozprofileRGG4CL/search.json.mozlz4", (void 0)))
1639905343824	Marionette	INFO	Listening on port 46363
1639905343841	RemoteAgent	WARN	TLS certificate errors will be ignored for this session
JavaScript warning: https://mc.yandex.ru/metrika/watch.js, line 10: WEBGL_debug_renderer_info is deprecated in Firefox and will be removed. Please use RENDERER.
JavaScript warning: https://mc.yandex.ru/metrika/watch.js, line 10: WEBGL_debug_renderer_info is deprecated in Firefox and will be removed. Please use RENDERER.
1639905396272	Marionette	INFO	Stopped listening on port 46363
console.warn: TopSitesFeed: Failed to fetch data from Contile server: NetworkError when attempting to fetch resource.

###!!! [Parent][RunMessage] Error: Channel closing: too late to send/recv, messages will be lost

1639905404646	Marionette	INFO	Stopped listening on port 41549
console.warn: TopSitesFeed: Failed to fetch data from Contile server: NetworkError when attempting to fetch resource.

###!!! [Parent][RunMessage] Error: Channel closing: too late to send/recv, messages will be lost

1639905424886	geckodriver	INFO	Listening on 127.0.0.1:54393
1639905424894	mozrunner::runner	INFO	Running command: "/usr/bin/firefox" "--marionette" "-no-remote" "-profile" "/tmp/rust_mozprofileEUzPet"
1639905428953	Marionette	INFO	Marionette enabled
console.warn: SearchSettings: "get: No settings file exists, new profile?" (new NotFoundError("Could not open the file at /tmp/rust_mozprofileEUzPet/search.json.mozlz4", (void 0)))
console.log: WebExtensions: reset-default-search: starting.
console.log: WebExtensions: reset-default-search: No addons in our list are installed.
1639905429852	Marionette	INFO	Listening on port 34387
1639905429931	RemoteAgent	WARN	TLS certificate errors will be ignored for this session
JavaScript warning: https://mc.yandex.ru/metrika/watch.js, line 10: WEBGL_debug_renderer_info is deprecated in Firefox and will be removed. Please use RENDERER.
JavaScript warning: https://mc.yandex.ru/metrika/watch.js, line 10: WEBGL_debug_renderer_info is deprecated in Firefox and will be removed. Please use RENDERER.
[Child 21354, MediaDecoderStateMachine #1] WARNING: Decoder=7f4dba95a200 state=DECODING_METADATA Decode metadata failed, shutting down decoder: file /build/firefox-9i8ACO/firefox-95.0+build1/dom/media/MediaDecoderStateMachine.cpp:367
[Child 21354, MediaDecoderStateMachine #1] WARNING: Decoder=7f4dba95a200 Decode error: NS_ERROR_DOM_MEDIA_METADATA_ERR (0x806e0006): file /build/firefox-9i8ACO/firefox-95.0+build1/dom/media/MediaDecoderStateMachine.cpp:3568
1639905447219	Marionette	INFO	Stopped listening on port 43441
console.warn: TopSitesFeed: Failed to fetch data from Contile server: NetworkError when attempting to fetch resource.

###!!! [Parent][RunMessage] Error: Channel closing: too late to send/recv, messages will be lost

1639905449353	Marionette	INFO	Stopped listening on port 34387
console.warn: TopSitesFeed: Failed to fetch data from Contile server: NetworkError when attempting to fetch resource.
1639905531239	geckodriver	INFO	Listening on 127.0.0.1:58855
1639905532246	mozrunner::runner	INFO	Running command: "/usr/bin/firefox" "--marionette" "-no-remote" "-profile" "/tmp/rust_mozprofilef1mQwI"
1639905536250	Marionette	INFO	Marionette enabled
console.warn: SearchSettings: "get: No settings file exists, new profile?" (new NotFoundError("Could not open the file at /tmp/rust_mozprofilef1mQwI/search.json.mozlz4", (void 0)))
1639905537107	Marionette	INFO	Listening on port 34829
1639905537173	RemoteAgent	WARN	TLS certificate errors will be ignored for this session
JavaScript warning: https://mc.yandex.ru/metrika/watch.js, line 10: WEBGL_debug_renderer_info is deprecated in Firefox and will be removed. Please use RENDERER.
JavaScript warning: https://mc.yandex.ru/metrika/watch.js, line 10: WEBGL_debug_renderer_info is deprecated in Firefox and will be removed. Please use RENDERER.
1639905546822	Marionette	INFO	Stopped listening on port 34829
console.warn: TopSitesFeed: Failed to fetch data from Contile server: NetworkError when attempting to fetch resource.

###!!! [Parent][RunMessage] Error: Channel closing: too late to send/recv, messages will be lost

1639905701591	geckodriver	INFO	Listening on 127.0.0.1:45753
1639905702601	mozrunner::runner	INFO	Running command: "/usr/bin/firefox" "--marionette" "-no-remote" "-profile" "/tmp/rust_mozprofileshk6Pu"
1639905706585	Marionette	INFO	Marionette enabled
console.warn: SearchSettings: "get: No settings file exists, new profile?" (new NotFoundError("Could not open the file at /tmp/rust_mozprofileshk6Pu/search.json.mozlz4", (void 0)))
1639905707527	Marionette	INFO	Listening on port 36859
1639905707628	RemoteAgent	WARN	TLS certificate errors will be ignored for this session
JavaScript warning: https://mc.yandex.ru/metrika/watch.js, line 10: WEBGL_debug_renderer_info is deprecated in Firefox and will be removed. Please use RENDERER.
1639905710581	Marionette	INFO	Stopped listening on port 36859
JavaScript error: resource://gre/modules/UrlClassifierListManager.jsm, line 691: TypeError: this.tablesData[table] is undefined
console.warn: TopSitesFeed: Failed to fetch data from Contile server: NetworkError when attempting to fetch resource.

###!!! [Parent][RunMessage] Error: Channel closing: too late to send/recv, messages will be lost

1639905712454	geckodriver	INFO	Listening on 127.0.0.1:50667
1639905713460	mozrunner::runner	INFO	Running command: "/usr/bin/firefox" "--marionette" "-no-remote" "-profile" "/tmp/rust_mozprofileoT3HB1"
1639905714716	Marionette	INFO	Marionette enabled
console.warn: SearchSettings: "get: No settings file exists, new profile?" (new NotFoundError("Could not open the file at /tmp/rust_mozprofileoT3HB1/search.json.mozlz4", (void 0)))
1639905715727	Marionette	INFO	Listening on port 40383
1639905715776	RemoteAgent	WARN	TLS certificate errors will be ignored for this session
JavaScript warning: https://mc.yandex.ru/metrika/watch.js, line 10: WEBGL_debug_renderer_info is deprecated in Firefox and will be removed. Please use RENDERER.
JavaScript warning: https://mc.yandex.ru/metrika/watch.js, line 10: WEBGL_debug_renderer_info is deprecated in Firefox and will be removed. Please use RENDERER.
[Child 22341, MediaDecoderStateMachine #1] WARNING: Decoder=7f6371ec7a00 state=DECODING_METADATA Decode metadata failed, shutting down decoder: file /build/firefox-9i8ACO/firefox-95.0+build1/dom/media/MediaDecoderStateMachine.cpp:367
[Child 22341, MediaDecoderStateMachine #1] WARNING: Decoder=7f6371ec7a00 Decode error: NS_ERROR_DOM_MEDIA_METADATA_ERR (0x806e0006): file /build/firefox-9i8ACO/firefox-95.0+build1/dom/media/MediaDecoderStateMachine.cpp:3568
console.log: WebExtensions: reset-default-search: starting.
console.log: WebExtensions: reset-default-search: No addons in our list are installed.
1639906156182	geckodriver	INFO	Listening on 127.0.0.1:49237
1639906156184	mozrunner::runner	INFO	Running command: "/usr/bin/firefox" "--marionette" "-no-remote" "-profile" "/tmp/rust_mozprofile5E3sVw"
1639906160192	Marionette	INFO	Marionette enabled
console.warn: SearchSettings: "get: No settings file exists, new profile?" (new NotFoundError("Could not open the file at /tmp/rust_mozprofile5E3sVw/search.json.mozlz4", (void 0)))
1639906161078	Marionette	INFO	Listening on port 38529
1639906161109	RemoteAgent	WARN	TLS certificate errors will be ignored for this session
JavaScript warning: https://mc.yandex.ru/metrika/watch.js, line 10: WEBGL_debug_renderer_info is deprecated in Firefox and will be removed. Please use RENDERER.
JavaScript warning: https://mc.yandex.ru/metrika/watch.js, line 10: WEBGL_debug_renderer_info is deprecated in Firefox and will be removed. Please use RENDERER.
1639906173082	geckodriver	INFO	Listening on 127.0.0.1:45937
1639906174092	mozrunner::runner	INFO	Running command: "/usr/bin/firefox" "--marionette" "-no-remote" "-profile" "/tmp/rust_mozprofiledmvVSG"
1639906175361	Marionette	INFO	Marionette enabled
console.warn: SearchSettings: "get: No settings file exists, new profile?" (new NotFoundError("Could not open the file at /tmp/rust_mozprofiledmvVSG/search.json.mozlz4", (void 0)))
1639906176323	Marionette	INFO	Listening on port 38131
1639906176409	RemoteAgent	WARN	TLS certificate errors will be ignored for this session
JavaScript warning: https://mc.yandex.ru/metrika/watch.js, line 10: WEBGL_debug_renderer_info is deprecated in Firefox and will be removed. Please use RENDERER.
JavaScript warning: https://mc.yandex.ru/metrika/watch.js, line 10: WEBGL_debug_renderer_info is deprecated in Firefox and will be removed. Please use RENDERER.
1639906191976	geckodriver	INFO	Listening on 127.0.0.1:44285
1639906192980	mozrunner::runner	INFO	Running command: "/usr/bin/firefox" "--marionette" "-no-remote" "-profile" "/tmp/rust_mozprofile3p5nXQ"
1639906196996	Marionette	INFO	Marionette enabled
console.warn: SearchSettings: "get: No settings file exists, new profile?" (new NotFoundError("Could not open the file at /tmp/rust_mozprofile3p5nXQ/search.json.mozlz4", (void 0)))
1639906198039	Marionette	INFO	Listening on port 33773
1639906198103	RemoteAgent	WARN	TLS certificate errors will be ignored for this session
JavaScript warning: https://mc.yandex.ru/metrika/watch.js, line 10: WEBGL_debug_renderer_info is deprecated in Firefox and will be removed. Please use RENDERER.
JavaScript warning: https://mc.yandex.ru/metrika/watch.js, line 10: WEBGL_debug_renderer_info is deprecated in Firefox and will be removed. Please use RENDERER.
1639906282098	geckodriver	INFO	Listening on 127.0.0.1:41459
1639906282107	mozrunner::runner	INFO	Running command: "/usr/bin/firefox" "--marionette" "-no-remote" "-profile" "/tmp/rust_mozprofileeNEllv"
1639906286176	Marionette	INFO	Marionette enabled
console.warn: SearchSettings: "get: No settings file exists, new profile?" (new NotFoundError("Could not open the file at /tmp/rust_mozprofileeNEllv/search.json.mozlz4", (void 0)))
1639906287262	Marionette	INFO	Listening on port 42869
1639906287333	RemoteAgent	WARN	TLS certificate errors will be ignored for this session
JavaScript warning: https://mc.yandex.ru/metrika/watch.js, line 10: WEBGL_debug_renderer_info is deprecated in Firefox and will be removed. Please use RENDERER.
JavaScript warning: https://mc.yandex.ru/metrika/watch.js, line 10: WEBGL_debug_renderer_info is deprecated in Firefox and will be removed. Please use RENDERER.
1639906309930	Marionette	INFO	Stopped listening on port 42869

###!!! [Parent][RunMessage] Error: Channel closing: too late to send/recv, messages will be lost

console.log: WebExtensions: reset-default-search: starting.
console.log: WebExtensions: reset-default-search: No addons in our list are installed.
console.log: WebExtensions: reset-default-search: starting.
console.log: WebExtensions: reset-default-search: No addons in our list are installed.
console.log: WebExtensions: reset-default-search: starting.
console.log: WebExtensions: reset-default-search: No addons in our list are installed.
1639906668401	geckodriver	INFO	Listening on 127.0.0.1:51985
1639906669410	mozrunner::runner	INFO	Running command: "/usr/bin/firefox" "--marionette" "-no-remote" "-profile" "/tmp/rust_mozprofilej8jPLD"
1639906673448	Marionette	INFO	Marionette enabled
console.warn: SearchSettings: "get: No settings file exists, new profile?" (new NotFoundError("Could not open the file at /tmp/rust_mozprofilej8jPLD/search.json.mozlz4", (void 0)))
1639906674458	Marionette	INFO	Listening on port 39997
1639906674535	RemoteAgent	WARN	TLS certificate errors will be ignored for this session
JavaScript warning: https://mc.yandex.ru/metrika/watch.js, line 10: WEBGL_debug_renderer_info is deprecated in Firefox and will be removed. Please use RENDERER.
JavaScript warning: https://mc.yandex.ru/metrika/watch.js, line 10: WEBGL_debug_renderer_info is deprecated in Firefox and will be removed. Please use RENDERER.
1639906721682	geckodriver	INFO	Listening on 127.0.0.1:42247
1639906722685	mozrunner::runner	INFO	Running command: "/usr/bin/firefox" "--marionette" "-no-remote" "-profile" "/tmp/rust_mozprofile2s87yo"
1639906726725	Marionette	INFO	Marionette enabled
console.warn: SearchSettings: "get: No settings file exists, new profile?" (new NotFoundError("Could not open the file at /tmp/rust_mozprofile2s87yo/search.json.mozlz4", (void 0)))
1639906727666	Marionette	INFO	Listening on port 39093
1639906727710	RemoteAgent	WARN	TLS certificate errors will be ignored for this session
JavaScript warning: https://mc.yandex.ru/metrika/watch.js, line 10: WEBGL_debug_renderer_info is deprecated in Firefox and will be removed. Please use RENDERER.
JavaScript warning: https://mc.yandex.ru/metrika/watch.js, line 10: WEBGL_debug_renderer_info is deprecated in Firefox and will be removed. Please use RENDERER.
1639906738620	Marionette	INFO	Stopped listening on port 39093
console.warn: TopSitesFeed: Failed to fetch data from Contile server: NetworkError when attempting to fetch resource.
JavaScript error: chrome://remote/content/marionette/cert.js, line 55: NS_ERROR_NOT_AVAILABLE: Component returned failure code: 0x80040111 (NS_ERROR_NOT_AVAILABLE) [nsICertOverrideService.setDisableAllSecurityChecksAndLetAttackersInterceptMyData]

###!!! [Parent][RunMessage] Error: Channel closing: too late to send/recv, messages will be lost

1639906766787	geckodriver	INFO	Listening on 127.0.0.1:39887
1639906766794	mozrunner::runner	INFO	Running command: "/usr/bin/firefox" "--marionette" "-no-remote" "-profile" "/tmp/rust_mozprofileqgvfom"
1639906770881	Marionette	INFO	Marionette enabled
console.warn: SearchSettings: "get: No settings file exists, new profile?" (new NotFoundError("Could not open the file at /tmp/rust_mozprofileqgvfom/search.json.mozlz4", (void 0)))
1639906771849	Marionette	INFO	Listening on port 38793
1639906771917	RemoteAgent	WARN	TLS certificate errors will be ignored for this session
JavaScript warning: https://mc.yandex.ru/metrika/watch.js, line 10: WEBGL_debug_renderer_info is deprecated in Firefox and will be removed. Please use RENDERER.
JavaScript warning: https://mc.yandex.ru/metrika/watch.js, line 10: WEBGL_debug_renderer_info is deprecated in Firefox and will be removed. Please use RENDERER.
1639906777931	Marionette	INFO	Stopped listening on port 38793
console.warn: TopSitesFeed: Failed to fetch data from Contile server: NetworkError when attempting to fetch resource.
JavaScript error: chrome://remote/content/marionette/cert.js, line 55: NS_ERROR_NOT_AVAILABLE: Component returned failure code: 0x80040111 (NS_ERROR_NOT_AVAILABLE) [nsICertOverrideService.setDisableAllSecurityChecksAndLetAttackersInterceptMyData]
1639906779201	geckodriver::marionette	ERROR	Failed to close browser connection: Socket not connected (os error 107)
1639906783591	geckodriver	INFO	Listening on 127.0.0.1:55945
1639906784601	mozrunner::runner	INFO	Running command: "/usr/bin/firefox" "--marionette" "-no-remote" "-profile" "/tmp/rust_mozprofilephiuo9"
1639906785015	Marionette	INFO	Marionette enabled
console.warn: SearchSettings: "get: No settings file exists, new profile?" (new NotFoundError("Could not open the file at /tmp/rust_mozprofilephiuo9/search.json.mozlz4", (void 0)))
1639906786012	Marionette	INFO	Listening on port 42537
1639906786115	RemoteAgent	WARN	TLS certificate errors will be ignored for this session
JavaScript warning: https://mc.yandex.ru/metrika/watch.js, line 10: WEBGL_debug_renderer_info is deprecated in Firefox and will be removed. Please use RENDERER.
JavaScript warning: https://mc.yandex.ru/metrika/watch.js, line 10: WEBGL_debug_renderer_info is deprecated in Firefox and will be removed. Please use RENDERER.
console.log: WebExtensions: reset-default-search: starting.
console.log: WebExtensions: reset-default-search: No addons in our list are installed.
1639907076318	geckodriver	INFO	Listening on 127.0.0.1:57739
1639907077324	mozrunner::runner	INFO	Running command: "/usr/bin/firefox" "--marionette" "-no-remote" "-profile" "/tmp/rust_mozprofileOTSag6"
1639907081347	Marionette	INFO	Marionette enabled
console.warn: SearchSettings: "get: No settings file exists, new profile?" (new NotFoundError("Could not open the file at /tmp/rust_mozprofileOTSag6/search.json.mozlz4", (void 0)))
1639907082383	Marionette	INFO	Listening on port 43653
1639907082448	RemoteAgent	WARN	TLS certificate errors will be ignored for this session
JavaScript warning: https://mc.yandex.ru/metrika/watch.js, line 10: WEBGL_debug_renderer_info is deprecated in Firefox and will be removed. Please use RENDERER.
JavaScript warning: https://mc.yandex.ru/metrika/watch.js, line 10: WEBGL_debug_renderer_info is deprecated in Firefox and will be removed. Please use RENDERER.
1639907093579	Marionette	INFO	Stopped listening on port 43653

###!!! [Parent][RunMessage] Error: Channel closing: too late to send/recv, messages will be lost

console.log: WebExtensions: reset-default-search: starting.
console.log: WebExtensions: reset-default-search: No addons in our list are installed.
1639907277181	geckodriver	INFO	Listening on 127.0.0.1:55255
1639907278191	mozrunner::runner	INFO	Running command: "/usr/bin/firefox" "--marionette" "-no-remote" "-profile" "/tmp/rust_mozprofileajmFnb"
1639907282273	Marionette	INFO	Marionette enabled
console.warn: SearchSettings: "get: No settings file exists, new profile?" (new NotFoundError("Could not open the file at /tmp/rust_mozprofileajmFnb/search.json.mozlz4", (void 0)))
1639907283255	Marionette	INFO	Listening on port 42441
1639907283319	RemoteAgent	WARN	TLS certificate errors will be ignored for this session
JavaScript warning: https://mc.yandex.ru/metrika/watch.js, line 10: WEBGL_debug_renderer_info is deprecated in Firefox and will be removed. Please use RENDERER.
JavaScript warning: https://mc.yandex.ru/metrika/watch.js, line 10: WEBGL_debug_renderer_info is deprecated in Firefox and will be removed. Please use RENDERER.
1639907295072	Marionette	INFO	Stopped listening on port 42441

###!!! [Parent][RunMessage] Error: Channel closing: too late to send/recv, messages will be lost

1639907372556	geckodriver	INFO	Listening on 127.0.0.1:37473
1639907373565	mozrunner::runner	INFO	Running command: "/usr/bin/firefox" "--marionette" "-no-remote" "-profile" "/tmp/rust_mozprofileSHhHDl"
1639907377633	Marionette	INFO	Marionette enabled
console.warn: SearchSettings: "get: No settings file exists, new profile?" (new NotFoundError("Could not open the file at /tmp/rust_mozprofileSHhHDl/search.json.mozlz4", (void 0)))
1639907378670	Marionette	INFO	Listening on port 37621
1639907378693	RemoteAgent	WARN	TLS certificate errors will be ignored for this session
JavaScript warning: https://mc.yandex.ru/metrika/watch.js, line 10: WEBGL_debug_renderer_info is deprecated in Firefox and will be removed. Please use RENDERER.
JavaScript warning: https://mc.yandex.ru/metrika/watch.js, line 10: WEBGL_debug_renderer_info is deprecated in Firefox and will be removed. Please use RENDERER.
1639907406511	geckodriver	INFO	Listening on 127.0.0.1:58047
1639907406519	mozrunner::runner	INFO	Running command: "/usr/bin/firefox" "--marionette" "-no-remote" "-profile" "/tmp/rust_mozprofilerttHFf"
1639907410593	Marionette	INFO	Marionette enabled
console.warn: SearchSettings: "get: No settings file exists, new profile?" (new NotFoundError("Could not open the file at /tmp/rust_mozprofilerttHFf/search.json.mozlz4", (void 0)))
1639907411649	Marionette	INFO	Listening on port 34289
1639907411743	RemoteAgent	WARN	TLS certificate errors will be ignored for this session
JavaScript warning: https://mc.yandex.ru/metrika/watch.js, line 10: WEBGL_debug_renderer_info is deprecated in Firefox and will be removed. Please use RENDERER.
JavaScript warning: https://mc.yandex.ru/metrika/watch.js, line 10: WEBGL_debug_renderer_info is deprecated in Firefox and will be removed. Please use RENDERER.
1639907417591	Marionette	INFO	Stopped listening on port 37621
console.warn: TopSitesFeed: Failed to fetch data from Contile server: NetworkError when attempting to fetch resource.

###!!! [Parent][RunMessage] Error: Channel closing: too late to send/recv, messages will be lost

1639907419134	Marionette	INFO	Stopped listening on port 34289
console.warn: TopSitesFeed: Failed to fetch data from Contile server: NetworkError when attempting to fetch resource.
JavaScript error: chrome://remote/content/marionette/cert.js, line 55: NS_ERROR_NOT_AVAILABLE: Component returned failure code: 0x80040111 (NS_ERROR_NOT_AVAILABLE) [nsICertOverrideService.setDisableAllSecurityChecksAndLetAttackersInterceptMyData]

###!!! [Parent][RunMessage] Error: Channel closing: too late to send/recv, messages will be lost

1639907426413	Marionette	INFO	Stopped listening on port 42537
console.warn: TopSitesFeed: Failed to fetch data from Contile server: NetworkError when attempting to fetch resource.
1639907427631	Marionette	INFO	Stopped listening on port 39997
console.warn: TopSitesFeed: Failed to fetch data from Contile server: NetworkError when attempting to fetch resource.

###!!! [Parent][RunMessage] Error: Channel closing: too late to send/recv, messages will be lost

1639907430819	Marionette	INFO	Stopped listening on port 33773
console.warn: TopSitesFeed: Failed to fetch data from Contile server: NetworkError when attempting to fetch resource.

###!!! [Parent][RunMessage] Error: Channel closing: too late to send/recv, messages will be lost

1639907432007	Marionette	INFO	Stopped listening on port 38131
console.warn: TopSitesFeed: Failed to fetch data from Contile server: NetworkError when attempting to fetch resource.
1639907433240	Marionette	INFO	Stopped listening on port 38529
console.warn: TopSitesFeed: Failed to fetch data from Contile server: NetworkError when attempting to fetch resource.
1639907434461	Marionette	INFO	Stopped listening on port 40383
console.warn: TopSitesFeed: Failed to fetch data from Contile server: NetworkError when attempting to fetch resource.

###!!! [Parent][RunMessage] Error: Channel closing: too late to send/recv, messages will be lost

1639907439392	geckodriver	INFO	Listening on 127.0.0.1:51501
1639907440397	mozrunner::runner	INFO	Running command: "/usr/bin/firefox" "--marionette" "-no-remote" "-profile" "/tmp/rust_mozprofileqX2XVv"
1639907444454	Marionette	INFO	Marionette enabled
console.warn: SearchSettings: "get: No settings file exists, new profile?" (new NotFoundError("Could not open the file at /tmp/rust_mozprofileqX2XVv/search.json.mozlz4", (void 0)))
1639907445386	Marionette	INFO	Listening on port 45385
1639907445421	RemoteAgent	WARN	TLS certificate errors will be ignored for this session
JavaScript warning: https://mc.yandex.ru/metrika/watch.js, line 10: WEBGL_debug_renderer_info is deprecated in Firefox and will be removed. Please use RENDERER.
1639907454149	Marionette	INFO	Stopped listening on port 45385
1639907534486	geckodriver	INFO	Listening on 127.0.0.1:51297
1639907535497	mozrunner::runner	INFO	Running command: "/usr/bin/firefox" "--marionette" "-no-remote" "-profile" "/tmp/rust_mozprofileMPFyQV"
1639907539551	Marionette	INFO	Marionette enabled
console.warn: SearchSettings: "get: No settings file exists, new profile?" (new NotFoundError("Could not open the file at /tmp/rust_mozprofileMPFyQV/search.json.mozlz4", (void 0)))
1639907540466	Marionette	INFO	Listening on port 34973
1639907540523	RemoteAgent	WARN	TLS certificate errors will be ignored for this session
JavaScript warning: https://mc.yandex.ru/metrika/watch.js, line 10: WEBGL_debug_renderer_info is deprecated in Firefox and will be removed. Please use RENDERER.
1639907548877	Marionette	INFO	Stopped listening on port 34973
1639907555452	geckodriver	INFO	Listening on 127.0.0.1:38763
1639907555460	mozrunner::runner	INFO	Running command: "/usr/bin/firefox" "--marionette" "-no-remote" "-profile" "/tmp/rust_mozprofileX7VMVa"
1639907556728	Marionette	INFO	Marionette enabled
console.warn: SearchSettings: "get: No settings file exists, new profile?" (new NotFoundError("Could not open the file at /tmp/rust_mozprofileX7VMVa/search.json.mozlz4", (void 0)))
1639907557796	Marionette	INFO	Listening on port 44391
1639907558523	RemoteAgent	WARN	TLS certificate errors will be ignored for this session
JavaScript warning: https://mc.yandex.ru/metrika/watch.js, line 10: WEBGL_debug_renderer_info is deprecated in Firefox and will be removed. Please use RENDERER.
1639907566534	Marionette	INFO	Stopped listening on port 44391
[Parent 28581, IPC I/O Parent] WARNING: FileDescriptorSet destroyed with unconsumed descriptors: file /build/firefox-9i8ACO/firefox-95.0+build1/ipc/chromium/src/chrome/common/file_descriptor_set_posix.cc:19
1639907568863	geckodriver	INFO	Listening on 127.0.0.1:40749
1639907569873	mozrunner::runner	INFO	Running command: "/usr/bin/firefox" "--marionette" "-no-remote" "-profile" "/tmp/rust_mozprofileRNocyU"
1639907573890	Marionette	INFO	Marionette enabled
console.warn: SearchSettings: "get: No settings file exists, new profile?" (new NotFoundError("Could not open the file at /tmp/rust_mozprofileRNocyU/search.json.mozlz4", (void 0)))
1639907574702	Marionette	INFO	Listening on port 34685
1639907574798	RemoteAgent	WARN	TLS certificate errors will be ignored for this session
JavaScript warning: https://mc.yandex.ru/metrika/watch.js, line 10: WEBGL_debug_renderer_info is deprecated in Firefox and will be removed. Please use RENDERER.
JavaScript warning: https://mc.yandex.ru/metrika/watch.js, line 10: WEBGL_debug_renderer_info is deprecated in Firefox and will be removed. Please use RENDERER.
1639907583281	Marionette	INFO	Stopped listening on port 34685
1639907609763	geckodriver	INFO	Listening on 127.0.0.1:35727
1639907610773	mozrunner::runner	INFO	Running command: "/usr/bin/firefox" "--marionette" "-no-remote" "-profile" "/tmp/rust_mozprofileJzI5OH"
1639907614778	Marionette	INFO	Marionette enabled
console.warn: SearchSettings: "get: No settings file exists, new profile?" (new NotFoundError("Could not open the file at /tmp/rust_mozprofileJzI5OH/search.json.mozlz4", (void 0)))
1639907615909	Marionette	INFO	Listening on port 36217
1639907616005	RemoteAgent	WARN	TLS certificate errors will be ignored for this session
JavaScript warning: https://mc.yandex.ru/metrika/watch.js, line 10: WEBGL_debug_renderer_info is deprecated in Firefox and will be removed. Please use RENDERER.
1639907624015	Marionette	INFO	Stopped listening on port 36217

###!!! [Parent][RunMessage] Error: Channel closing: too late to send/recv, messages will be lost

1639907660840	geckodriver	INFO	Listening on 127.0.0.1:51749
1639907660845	mozrunner::runner	INFO	Running command: "/usr/bin/firefox" "--marionette" "-no-remote" "-profile" "/tmp/rust_mozprofile2Ibqnm"
1639907664860	Marionette	INFO	Marionette enabled
console.warn: SearchSettings: "get: No settings file exists, new profile?" (new NotFoundError("Could not open the file at /tmp/rust_mozprofile2Ibqnm/search.json.mozlz4", (void 0)))
1639907665882	Marionette	INFO	Listening on port 43921
1639907665987	RemoteAgent	WARN	TLS certificate errors will be ignored for this session
JavaScript warning: https://mc.yandex.ru/metrika/watch.js, line 10: WEBGL_debug_renderer_info is deprecated in Firefox and will be removed. Please use RENDERER.
JavaScript warning: https://mc.yandex.ru/metrika/watch.js, line 10: WEBGL_debug_renderer_info is deprecated in Firefox and will be removed. Please use RENDERER.
[Child 29506, MediaDecoderStateMachine #1] WARNING: Decoder=7fd569846200 state=DECODING_METADATA Decode metadata failed, shutting down decoder: file /build/firefox-9i8ACO/firefox-95.0+build1/dom/media/MediaDecoderStateMachine.cpp:367
[Child 29506, MediaDecoderStateMachine #1] WARNING: Decoder=7fd569846200 Decode error: NS_ERROR_DOM_MEDIA_METADATA_ERR (0x806e0006): file /build/firefox-9i8ACO/firefox-95.0+build1/dom/media/MediaDecoderStateMachine.cpp:3568
1639907674250	Marionette	INFO	Stopped listening on port 43921

###!!! [Parent][RunMessage] Error: Channel closing: too late to send/recv, messages will be lost

1639907706127	geckodriver	INFO	Listening on 127.0.0.1:32795
1639907707137	mozrunner::runner	INFO	Running command: "/usr/bin/firefox" "--marionette" "-no-remote" "-profile" "/tmp/rust_mozprofile8cNBn8"
1639907711196	Marionette	INFO	Marionette enabled
console.warn: SearchSettings: "get: No settings file exists, new profile?" (new NotFoundError("Could not open the file at /tmp/rust_mozprofile8cNBn8/search.json.mozlz4", (void 0)))
1639907712159	Marionette	INFO	Listening on port 36679
1639907712263	RemoteAgent	WARN	TLS certificate errors will be ignored for this session
JavaScript warning: https://mc.yandex.ru/metrika/watch.js, line 10: WEBGL_debug_renderer_info is deprecated in Firefox and will be removed. Please use RENDERER.
[Child 29771, MediaDecoderStateMachine #1] WARNING: Decoder=7f1206a81300 state=DECODING_METADATA Decode metadata failed, shutting down decoder: file /build/firefox-9i8ACO/firefox-95.0+build1/dom/media/MediaDecoderStateMachine.cpp:367
[Child 29771, MediaDecoderStateMachine #1] WARNING: Decoder=7f1206a81300 Decode error: NS_ERROR_DOM_MEDIA_METADATA_ERR (0x806e0006): file /build/firefox-9i8ACO/firefox-95.0+build1/dom/media/MediaDecoderStateMachine.cpp:3568
1639907721092	Marionette	INFO	Stopped listening on port 36679

###!!! [Parent][RunMessage] Error: Channel closing: too late to send/recv, messages will be lost

1639907771585	geckodriver	INFO	Listening on 127.0.0.1:58385
1639907772595	mozrunner::runner	INFO	Running command: "/usr/bin/firefox" "--marionette" "-no-remote" "-profile" "/tmp/rust_mozprofileW6GNBL"
1639907776632	Marionette	INFO	Marionette enabled
console.warn: SearchSettings: "get: No settings file exists, new profile?" (new NotFoundError("Could not open the file at /tmp/rust_mozprofileW6GNBL/search.json.mozlz4", (void 0)))
1639907777638	Marionette	INFO	Listening on port 45959
1639907777722	RemoteAgent	WARN	TLS certificate errors will be ignored for this session
JavaScript warning: https://mc.yandex.ru/metrika/watch.js, line 10: WEBGL_debug_renderer_info is deprecated in Firefox and will be removed. Please use RENDERER.
JavaScript warning: https://mc.yandex.ru/metrika/watch.js, line 10: WEBGL_debug_renderer_info is deprecated in Firefox and will be removed. Please use RENDERER.
1639907786758	Marionette	INFO	Stopped listening on port 45959

###!!! [Parent][RunMessage] Error: Channel closing: too late to send/recv, messages will be lost

1639907927334	geckodriver	INFO	Listening on 127.0.0.1:41905
1639907928344	mozrunner::runner	INFO	Running command: "/usr/bin/firefox" "--marionette" "-no-remote" "-profile" "/tmp/rust_mozprofileBBi7vm"
1639907932408	Marionette	INFO	Marionette enabled
console.warn: SearchSettings: "get: No settings file exists, new profile?" (new NotFoundError("Could not open the file at /tmp/rust_mozprofileBBi7vm/search.json.mozlz4", (void 0)))
1639907933221	Marionette	INFO	Listening on port 35017
1639907933269	RemoteAgent	WARN	TLS certificate errors will be ignored for this session
JavaScript warning: https://mc.yandex.ru/metrika/watch.js, line 10: WEBGL_debug_renderer_info is deprecated in Firefox and will be removed. Please use RENDERER.
JavaScript warning: https://mc.yandex.ru/metrika/watch.js, line 10: WEBGL_debug_renderer_info is deprecated in Firefox and will be removed. Please use RENDERER.
1639907955539	geckodriver	INFO	Listening on 127.0.0.1:51657
1639907956542	mozrunner::runner	INFO	Running command: "/usr/bin/firefox" "--marionette" "-no-remote" "-profile" "/tmp/rust_mozprofileSUkqTn"
1639907960568	Marionette	INFO	Marionette enabled
console.warn: SearchSettings: "get: No settings file exists, new profile?" (new NotFoundError("Could not open the file at /tmp/rust_mozprofileSUkqTn/search.json.mozlz4", (void 0)))
1639907961370	Marionette	INFO	Listening on port 33053
1639907961491	RemoteAgent	WARN	TLS certificate errors will be ignored for this session
JavaScript warning: https://mc.yandex.ru/metrika/watch.js, line 10: WEBGL_debug_renderer_info is deprecated in Firefox and will be removed. Please use RENDERER.
JavaScript warning: https://mc.yandex.ru/metrika/watch.js, line 10: WEBGL_debug_renderer_info is deprecated in Firefox and will be removed. Please use RENDERER.
1639907980266	geckodriver	INFO	Listening on 127.0.0.1:51927
1639907981276	mozrunner::runner	INFO	Running command: "/usr/bin/firefox" "--marionette" "-no-remote" "-profile" "/tmp/rust_mozprofiley7jwh6"
1639907983404	Marionette	INFO	Marionette enabled
console.warn: SearchSettings: "get: No settings file exists, new profile?" (new NotFoundError("Could not open the file at /tmp/rust_mozprofiley7jwh6/search.json.mozlz4", (void 0)))
1639907984373	Marionette	INFO	Listening on port 42737
1639907984396	RemoteAgent	WARN	TLS certificate errors will be ignored for this session
JavaScript warning: https://mc.yandex.ru/metrika/watch.js, line 10: WEBGL_debug_renderer_info is deprecated in Firefox and will be removed. Please use RENDERER.
1639907992490	Marionette	INFO	Stopped listening on port 42737

###!!! [Parent][RunMessage] Error: Channel closing: too late to send/recv, messages will be lost

1639908003211	Marionette	INFO	Stopped listening on port 33053
console.warn: TopSitesFeed: Failed to fetch data from Contile server: NetworkError when attempting to fetch resource.
1639908005860	Marionette	INFO	Stopped listening on port 35017
console.warn: TopSitesFeed: Failed to fetch data from Contile server: NetworkError when attempting to fetch resource.

###!!! [Parent][RunMessage] Error: Channel closing: too late to send/recv, messages will be lost

1639931165242	geckodriver	INFO	Listening on 127.0.0.1:40917
1639931166252	mozrunner::runner	INFO	Running command: "/usr/bin/firefox" "--marionette" "-no-remote" "-profile" "/tmp/rust_mozprofiley3XPbi"
1639931170331	Marionette	INFO	Marionette enabled
console.warn: SearchSettings: "get: No settings file exists, new profile?" (new NotFoundError("Could not open the file at /tmp/rust_mozprofiley3XPbi/search.json.mozlz4", (void 0)))
1639931171274	Marionette	INFO	Listening on port 43635
1639931171377	RemoteAgent	WARN	TLS certificate errors will be ignored for this session
1639931180196	Marionette	INFO	Stopped listening on port 43635
console.warn: TopSitesFeed: Failed to fetch data from Contile server: NetworkError when attempting to fetch resource.
1639931293136	geckodriver	INFO	Listening on 127.0.0.1:49701
1639931294147	mozrunner::runner	INFO	Running command: "/usr/bin/firefox" "--marionette" "-no-remote" "-profile" "/tmp/rust_mozprofileeATgyl"
1639931298205	Marionette	INFO	Marionette enabled
console.warn: SearchSettings: "get: No settings file exists, new profile?" (new NotFoundError("Could not open the file at /tmp/rust_mozprofileeATgyl/search.json.mozlz4", (void 0)))
1639931299173	Marionette	INFO	Listening on port 36103
1639931299271	RemoteAgent	WARN	TLS certificate errors will be ignored for this session
1639931453150	geckodriver	INFO	Listening on 127.0.0.1:32993
1639931454161	mozrunner::runner	INFO	Running command: "/usr/bin/firefox" "--marionette" "-no-remote" "-profile" "/tmp/rust_mozprofile2RILG0"
1639931458228	Marionette	INFO	Marionette enabled
console.warn: SearchSettings: "get: No settings file exists, new profile?" (new NotFoundError("Could not open the file at /tmp/rust_mozprofile2RILG0/search.json.mozlz4", (void 0)))
1639931459199	Marionette	INFO	Listening on port 40435
1639931459291	RemoteAgent	WARN	TLS certificate errors will be ignored for this session
1639931468922	Marionette	INFO	Stopped listening on port 40435
console.warn: TopSitesFeed: Failed to fetch data from Contile server: NetworkError when attempting to fetch resource.
1639931473767	Marionette	INFO	Stopped listening on port 36103
console.warn: TopSitesFeed: Failed to fetch data from Contile server: NetworkError when attempting to fetch resource.

###!!! [Parent][RunMessage] Error: Channel closing: too late to send/recv, messages will be lost

1639935654798	geckodriver	INFO	Listening on 127.0.0.1:54113
1639935654806	mozrunner::runner	INFO	Running command: "/usr/bin/firefox" "--marionette" "-no-remote" "-profile" "/tmp/rust_mozprofileUaogmc"
1639938034093	geckodriver	INFO	Listening on 127.0.0.1:42781
1639938034103	mozrunner::runner	INFO	Running command: "/usr/bin/firefox" "--marionette" "-no-remote" "-profile" "/tmp/rust_mozprofilegNsuFW"
1639938038112	Marionette	INFO	Marionette enabled
console.warn: SearchSettings: "get: No settings file exists, new profile?" (new NotFoundError("Could not open the file at /tmp/rust_mozprofilegNsuFW/search.json.mozlz4", (void 0)))
1639938039140	Marionette	INFO	Listening on port 44815
1639938039956	RemoteAgent	WARN	TLS certificate errors will be ignored for this session
1639938052813	Marionette	INFO	Stopped listening on port 44815
console.warn: TopSitesFeed: Failed to fetch data from Contile server: NetworkError when attempting to fetch resource.
1639938303628	geckodriver	INFO	Listening on 127.0.0.1:34191
1639938304635	mozrunner::runner	INFO	Running command: "/usr/bin/firefox" "--marionette" "-no-remote" "-profile" "/tmp/rust_mozprofileXGag2G"
1639938308656	Marionette	INFO	Marionette enabled
console.warn: SearchSettings: "get: No settings file exists, new profile?" (new NotFoundError("Could not open the file at /tmp/rust_mozprofileXGag2G/search.json.mozlz4", (void 0)))
1639938309572	Marionette	INFO	Listening on port 33205
1639938310585	RemoteAgent	WARN	TLS certificate errors will be ignored for this session
JavaScript warning: https://mc.yandex.ru/metrika/watch.js, line 10: WEBGL_debug_renderer_info is deprecated in Firefox and will be removed. Please use RENDERER.
[Child 24361, MediaDecoderStateMachine #1] WARNING: Decoder=7f3f63648700 state=DECODING_METADATA Decode metadata failed, shutting down decoder: file /build/firefox-9i8ACO/firefox-95.0+build1/dom/media/MediaDecoderStateMachine.cpp:367
[Child 24361, MediaDecoderStateMachine #1] WARNING: Decoder=7f3f63648700 Decode error: NS_ERROR_DOM_MEDIA_METADATA_ERR (0x806e0006): file /build/firefox-9i8ACO/firefox-95.0+build1/dom/media/MediaDecoderStateMachine.cpp:3568
1639938318742	Marionette	INFO	Stopped listening on port 33205

###!!! [Parent][RunMessage] Error: Channel closing: too late to send/recv, messages will be lost

